{"level":"info","message":"GENERATE-UUID=>","timestamp":"2023-07-05 13:32:07"}
{"level":"info","message":"App is listening on port 5000","timestamp":"2023-07-05 13:32:07"}
{"level":"info","message":"GENERATE-UUID=>","timestamp":"2023-07-05 13:41:27"}
{"level":"info","message":"info App is listening on port 5000","timestamp":"2023-07-05 13:41:27"}
{"level":"info","message":"GENERATE-UUID=>","timestamp":"2023-07-05 13:42:39"}
{"level":"info","message":"App is listening on port 5000","timestamp":"2023-07-05 13:42:39"}
{"level":"info","message":"GENERATE-UUID=>","timestamp":"2023-07-05 13:52:45"}
{"level":"info","message":"App is listening on port 5000","timestamp":"2023-07-05 13:52:45"}
{"level":"info","message":"App is listening on port 5000","timestamp":"2023-07-05 13:59:27"}
{"level":"info","message":"App is listening on port 5000","timestamp":"2023-07-05 14:03:43"}
{"level":"info","message":"App is listening on port 5000","timestamp":"2023-07-05 14:07:30"}
{"level":"info","message":"App is listening on port 5000","timestamp":"2023-07-05 14:11:23"}
{"level":"info","message":"App is listening on port 5000","timestamp":"2023-07-05 14:12:33"}
{"level":"info","message":"App is listening on port 5000","timestamp":"2023-07-05 14:13:26"}
{"level":"info","message":"App is listening on port 5000","timestamp":"2023-07-05 14:28:37"}
{"level":"info","message":"App is listening on port 5000","timestamp":"2023-07-05 17:26:47"}
{"level":"info","message":"App is listening on port 5000","timestamp":"2023-07-05 17:30:53"}
{"level":"info","message":"App is listening on port 5000","timestamp":"2023-07-05 17:33:40"}
{"level":"info","message":"App is listening on port 5000","timestamp":"2023-07-05 17:35:18"}
{"level":"info","message":"App is listening on port 5000","timestamp":"2023-07-05 17:37:45"}
{"level":"info","message":"App is listening on port 5000","timestamp":"2023-07-05 17:38:39"}
{"level":"info","message":"App is listening on port 5000","timestamp":"2023-07-05 17:47:04"}
{"level":"info","message":"App is listening on port 5000","timestamp":"2023-07-05 17:47:46"}
{"level":"info","message":"App is listening on port 5000","timestamp":"2023-07-05 17:51:03"}
{"level":"info","message":"App is listening on port 5000","timestamp":"2023-07-05 17:56:04"}
{"level":"info","message":"App is listening on port 5000","timestamp":"2023-07-05 17:59:14"}
{"level":"info","message":"App is listening on port 5000","timestamp":"2023-07-05 17:59:46"}
{"level":"info","message":"App is listening on port 5000","timestamp":"2023-07-05 18:06:58"}
{"level":"info","message":"App is listening on port 5000","timestamp":"2023-07-05 18:10:47"}
{"level":"info","message":"App is listening on port 5000","timestamp":"2023-07-05 18:12:39"}
{"level":"info","message":"App is listening on port 5000","timestamp":"2023-07-05 18:13:01"}
{"level":"info","message":"App is listening on port 5000","timestamp":"2023-07-05 18:13:55"}
{"level":"info","message":"App is listening on port 5000","timestamp":"2023-07-05 18:18:05"}
{"level":"info","message":"App is listening on port 5000","timestamp":"2023-07-05 18:32:16"}
{"level":"info","message":"App is listening on port 5000","timestamp":"2023-07-05 18:40:55"}
{"level":"info","message":"App is listening on port 5000","timestamp":"2023-07-05 18:46:38"}
{"level":"info","message":"server is running http://localhost:5000","timestamp":"2023-07-05 18:51:36"}
{"level":"info","message":"DB CONNECTION ERROR:  The `uri` parameter to `openUri()` must be a string, got \"undefined\". Make sure the first parameter to `mongoose.connect()` or `mongoose.createConnection()` is a string.","stack":"MongooseError: The `uri` parameter to `openUri()` must be a string, got \"undefined\". Make sure the first parameter to `mongoose.connect()` or `mongoose.createConnection()` is a string.\n    at _createMongoClient (C:\\Users\\Daveed\\Desktop\\pead-pay\\node_modules\\mongoose\\lib\\connection.js:805:11)\n    at NativeConnection.openUri (C:\\Users\\Daveed\\Desktop\\pead-pay\\node_modules\\mongoose\\lib\\connection.js:742:29)\n    at Mongoose.connect (C:\\Users\\Daveed\\Desktop\\pead-pay\\node_modules\\mongoose\\lib\\index.js:406:15)\n    at Object.<anonymous> (C:\\Users\\Daveed\\Desktop\\pead-pay\\app.js:55:2)\n    at Module._compile (node:internal/modules/cjs/loader:1256:14)\n    at Module._extensions..js (node:internal/modules/cjs/loader:1310:10)\n    at Module.load (node:internal/modules/cjs/loader:1119:32)\n    at Module._load (node:internal/modules/cjs/loader:960:12)\n    at Function.executeUserEntryPoint [as runMain] (node:internal/modules/run_main:81:12)\n    at node:internal/main/run_main_module:23:47","timestamp":"2023-07-05 18:51:36"}
{"level":"info","message":"server is running http://localhost:5000","timestamp":"2023-07-05 18:52:04"}
{"level":"info","message":"DB CONNECTION ERROR:  The `uri` parameter to `openUri()` must be a string, got \"undefined\". Make sure the first parameter to `mongoose.connect()` or `mongoose.createConnection()` is a string.","stack":"MongooseError: The `uri` parameter to `openUri()` must be a string, got \"undefined\". Make sure the first parameter to `mongoose.connect()` or `mongoose.createConnection()` is a string.\n    at _createMongoClient (C:\\Users\\Daveed\\Desktop\\pead-pay\\node_modules\\mongoose\\lib\\connection.js:805:11)\n    at NativeConnection.openUri (C:\\Users\\Daveed\\Desktop\\pead-pay\\node_modules\\mongoose\\lib\\connection.js:742:29)\n    at Mongoose.connect (C:\\Users\\Daveed\\Desktop\\pead-pay\\node_modules\\mongoose\\lib\\index.js:406:15)\n    at Object.<anonymous> (C:\\Users\\Daveed\\Desktop\\pead-pay\\app.js:58:2)\n    at Module._compile (node:internal/modules/cjs/loader:1256:14)\n    at Module._extensions..js (node:internal/modules/cjs/loader:1310:10)\n    at Module.load (node:internal/modules/cjs/loader:1119:32)\n    at Module._load (node:internal/modules/cjs/loader:960:12)\n    at Function.executeUserEntryPoint [as runMain] (node:internal/modules/run_main:81:12)\n    at node:internal/main/run_main_module:23:47","timestamp":"2023-07-05 18:52:04"}
{"level":"info","message":"server is running http://localhost:5000","timestamp":"2023-07-05 18:53:14"}
{"level":"info","message":"DB CONNECTION ERROR:  The `uri` parameter to `openUri()` must be a string, got \"undefined\". Make sure the first parameter to `mongoose.connect()` or `mongoose.createConnection()` is a string.","stack":"MongooseError: The `uri` parameter to `openUri()` must be a string, got \"undefined\". Make sure the first parameter to `mongoose.connect()` or `mongoose.createConnection()` is a string.\n    at _createMongoClient (C:\\Users\\Daveed\\Desktop\\pead-pay\\node_modules\\mongoose\\lib\\connection.js:805:11)\n    at NativeConnection.openUri (C:\\Users\\Daveed\\Desktop\\pead-pay\\node_modules\\mongoose\\lib\\connection.js:742:29)\n    at Mongoose.connect (C:\\Users\\Daveed\\Desktop\\pead-pay\\node_modules\\mongoose\\lib\\index.js:406:15)\n    at Object.<anonymous> (C:\\Users\\Daveed\\Desktop\\pead-pay\\app.js:58:2)\n    at Module._compile (node:internal/modules/cjs/loader:1256:14)\n    at Module._extensions..js (node:internal/modules/cjs/loader:1310:10)\n    at Module.load (node:internal/modules/cjs/loader:1119:32)\n    at Module._load (node:internal/modules/cjs/loader:960:12)\n    at Function.executeUserEntryPoint [as runMain] (node:internal/modules/run_main:81:12)\n    at node:internal/main/run_main_module:23:47","timestamp":"2023-07-05 18:53:14"}
{"level":"info","message":"server is running http://localhost:5000","timestamp":"2023-07-05 18:59:43"}
{"level":"info","message":"Database Connection is ready...","timestamp":"2023-07-05 18:59:47"}
{"level":"info","message":"server is running 5000","timestamp":"2023-07-05 19:01:54"}
{"level":"info","message":"server is running 5000","timestamp":"2023-07-05 19:02:03"}
{"level":"info","message":"Database Connection is ready...","timestamp":"2023-07-05 19:02:08"}
{"level":"info","message":"server is running 5000","timestamp":"2023-07-05 19:04:47"}
{"level":"info","message":"Database Connection is ready...","timestamp":"2023-07-05 19:04:55"}
{"level":"info","message":"server is running 5000","timestamp":"2023-07-05 19:08:24"}
{"level":"info","message":"Database Connection is ready...","timestamp":"2023-07-05 19:08:28"}
{"level":"info","message":"server is running 5000","timestamp":"2023-07-05 19:09:47"}
{"level":"info","message":"Database Connection is ready...","timestamp":"2023-07-05 19:09:50"}
{"level":"info","message":"server is running 5000","timestamp":"2023-07-05 20:01:20"}
{"level":"info","message":"server is running 5000","timestamp":"2023-07-05 20:01:26"}
{"level":"info","message":"Database Connection is ready...","timestamp":"2023-07-05 20:01:35"}
{"level":"info","message":"server is running 5000","timestamp":"2023-07-05 20:08:03"}
{"level":"info","message":"Database Connection is ready...","timestamp":"2023-07-05 20:08:23"}
{"level":"info","message":"server is running 5000","timestamp":"2023-07-05 20:12:43"}
{"level":"info","message":"Database Connection is ready...","timestamp":"2023-07-05 20:12:47"}
{"level":"error","timestamp":"2023-07-05 20:12:52"}
{"level":"info","message":"server is running 5000","timestamp":"2023-07-05 20:13:38"}
{"level":"info","message":"server is running 5000","timestamp":"2023-07-05 20:13:43"}
{"level":"info","message":"Database Connection is ready...","timestamp":"2023-07-05 20:14:04"}
{"level":"error","timestamp":"2023-07-05 20:14:19"}
{"level":"info","message":"server is running 5000","timestamp":"2023-07-05 20:15:37"}
{"level":"info","message":"Database Connection is ready...","timestamp":"2023-07-05 20:15:51"}
{"level":"error","timestamp":"2023-07-05 20:16:08"}
{"level":"info","message":"server is running 5000","timestamp":"2023-07-05 20:17:42"}
{"level":"info","message":"Database Connection is ready...","timestamp":"2023-07-05 20:17:52"}
{"level":"error","timestamp":"2023-07-05 20:18:03"}
{"level":"info","message":"server is running 5000","timestamp":"2023-07-05 20:21:58"}
{"level":"info","message":"Database Connection is ready...","timestamp":"2023-07-05 20:22:07"}
{"level":"error","timestamp":"2023-07-05 20:22:09"}
{"level":"info","message":"server is running 5000","timestamp":"2023-07-05 20:23:04"}
{"level":"error","timestamp":"2023-07-05 20:23:20"}
{"level":"info","message":"Database Connection is ready...","timestamp":"2023-07-05 20:23:28"}
{"level":"info","message":"server is running 5000","timestamp":"2023-07-05 20:25:22"}
{"level":"info","message":"Database Connection is ready...","timestamp":"2023-07-05 20:25:26"}
{"level":"error","timestamp":"2023-07-05 20:25:31"}
{"level":"info","message":"server is running 5000","timestamp":"2023-07-05 20:25:49"}
{"level":"info","message":"Database Connection is ready...","timestamp":"2023-07-05 20:25:58"}
{"level":"info","message":"server is running 5000","timestamp":"2023-07-05 22:49:08"}
{"level":"info","message":"Database Connection is ready...","timestamp":"2023-07-05 22:49:11"}
{"level":"info","message":"server is running 5000","timestamp":"2023-07-05 23:07:10"}
{"level":"info","message":"Database Connection is ready...","timestamp":"2023-07-05 23:07:13"}
{"_message":"User validation failed","errors":{"dob":{"kind":"date","message":"Cast to date failed for value \"30-03-2002\" (type string) at path \"dob\"","name":"CastError","path":"dob","reason":{"actual":false,"code":"ERR_ASSERTION","expected":true,"generatedMessage":true,"operator":"=="},"stringValue":"\"30-03-2002\"","value":"30-03-2002","valueType":"string"}},"level":"error","message":"User validation failed: dob: Cast to date failed for value \"30-03-2002\" (type string) at path \"dob\"","name":"ValidationError","timestamp":"2023-07-05 23:11:22"}
{"level":"info","message":"server is running 5000","timestamp":"2023-07-05 23:13:59"}
{"level":"info","message":"Database Connection is ready...","timestamp":"2023-07-05 23:14:02"}
{"level":"error","timestamp":"2023-07-05 23:14:10"}
{"level":"info","message":"server is running 5000","timestamp":"2023-07-05 23:14:59"}
{"level":"info","message":"Database Connection is ready...","timestamp":"2023-07-05 23:15:12"}
{"level":"error","timestamp":"2023-07-05 23:15:23"}
{"level":"info","message":"server is running 5000","timestamp":"2023-07-05 23:15:47"}
{"level":"info","message":"Database Connection is ready...","timestamp":"2023-07-05 23:15:51"}
{"level":"error","timestamp":"2023-07-05 23:24:51"}
{"level":"error","timestamp":"2023-07-05 23:26:20"}
